 -----------------------------------------------------------------------
  W            W            W              TTTTTTTTTTTTTTTTTTTT         
   W          W W          W                        TT                  
    W        W   W        W                         TT                  
     W      W     W      W                          TT                  
      W    W       W    W                           TT                  
       W  W         W  W                            TT                  
        WW           WW                             TT                  
        W             W                             TT                  
                                                                        
                        Welcome to WannierTools.                       
                             Version 2.7.1     
                   Tools for novel topological materials.               
                          Enjoy it and good luck.                       
                           Author : QuanSheng Wu                        
                        Email : wuquansheng@gmail.com                   
               Find more information on www.wanniertools.com            
 =======================================================================
                                                                        
 You are using     1 CPU cores
  
   
 >>>Read some paramters from wt.in
 You are using : TB     model
 Tight-binding Hamiltonian FROM: Hr File
 Is_Sparse_Hr=  F
 Tight-binding Hamiltonian filename : AgP2_phononTB_hr.dat     
 System of particle: phonon                   
 Tight-binding Hamiltonian obtained from package : QE                       
   
 >>>Control parameters: 
 BulkBand_line_calc                :  F
 BulkBand_plane_calc               :  F
 Landaulevel_unfold_line_calc      :  F
 BulkBand_unfold_line_calc         :  F
 BulkBand_unfold_plane_calc        :  F
 QPI_unfold_plane_calc             :  F
 BulkFatBand_calc                  :  F
 BulkBand_cube_calc                :  F
 BulkFS_calc                       :  F
 BulkFS_Plane_calc                 :  F
 BulkFS_plane_stack_calc           :  F
 BulkGap_cube_calc                 :  F
 BulkGap_plane_calc                :  F
 SlabBand_calc                     :  F
 SlabBandWaveFunc_calc             :  F
 SlabSS_calc                       :  F
 SlabArc_calc                      :  F
 SlabSpintexture_calc              :  F
 wanniercenter_calc                :  T
 BerryPhase_calc                   :  F
 BerryCurvature_calc               :  F
 BerryCurvature_EF_calc            :  F
 BerryCurvature_kpath_EF_calc      :  F
 BerryCurvature_kpath_Occupied_calc:  F
 BerryCurvature_Cube_calc          :  F
 BerryCurvature_slab_calc          :  F
 Dos_calc                          :  F
 Z2_3D_calc                        :  F
 WeylChirality_calc                :  F
 NLChirality_calc                  :  F
 Chern_3D_calc                     :  F
 MirrorChern_calc                  :  F
 JDos_calc                         :  F
 FindNodes_calc                    :  F
 EffectiveMass_calc                :  F
 AHC_calc                          :  F
 SHC_calc                          :  F
 Boltz_OHE_calc                    :  F
 Boltz_Berry_correction            :  F
 LOTO_correction                   :  F
 OrbitalTexture_calc               :  F
 OrbitalTexture_3D_calc            :  F
 LandauLevel_k_calc                :  F
 LandauLevel_B_calc                :  F
 LandauLevel_wavefunction_calc     :  F
 Fit_kp_calc                       :  F
 DMFT_MAG_calc                     :  F
 Translate_to_WS_calc              :  F
 LandauLevel_kplane_calc           :  F
 LandauLevel_k_dos_calc            :  F
 LandauLevel_B_dos_calc            :  F
 FermiLevel_calc                   :  F
 ANE_calc                      :  F
 Symmetry_Import_calc              :  F
 ChargeDensity_selected_bands_calc :  F
 ChargeDensity_selected_energies_calc :  F
 valley_projection_calc :  F
   
 >>>System parameters: 
 NumSlabs :    14
 Nslab1 for ribbon  :     1
 Nslab2 for ribbon  :     1
 Number of Occupied bands:    10
 Number of total electrons:   20.000000
 With SOC or not in Hrfile:     0
 Fermi energy (eV) :        0.000000
 surf_onsite (eV):         0.000000
 Add_Zeeman_Field: F
 Zeeman_energy_in_eV (eV):         0.000000
 Electric_field_in_eVpA (eV/Angstrom):         0.000000
 Symmetrical_Electric_field_in_eVpA (eV/Angstrom):         0.000000
 Inner_symmetrical_Electric_Field: F
 ijmax :    10
   
 **Notes**: There are two ways to specify magnetic field.
 1. specify Bmagnitude, Btheta, Bphi
 2. specify Bx, By, Bz
 Bmagnitude, Bx, By, Bz are real numbers in unit of Tesla. and Bx, By, Bz 
 are in the cartesian coordinates. Btheta is the angle with z axial 
  and Bphi is the angle with respect to x axial in the x-y plane
  Btheta is in [0, 180], Bphi is in [0, 360).
 If you specify both of them together, we will choose the first one.
 If choose the first one, but not specify Btheta, Bphi, then 
 by default we set Btheta=0, Bphi=0 which means B is along z direction.
  
  Warning: You didn't specify the magnitude of magnetic field.
  
 >>You did not specified the magnitude of magnetic field, 
  and also didn't set Bx, By, Bz. So we will set the magnetic direction
  from the settings of Btheta, Bphi.
  If you even didn't set Btheta, Bphi, we will take the default value, 
  Btheta=0, Bphi=0 which means B is along z direction
 >>You didn't set Btheta, and we set it to 0.
 >>You didn't set Bphi, and we set it to 0.
 Bmagnitude (in Tesla) :        1.000000
 Btheta, Bphi :        0.000000        0.000000
 Bx, By, Bz (in Tesla) :        0.000000        0.000000        1.000000
 B direction cosines :        0.000000        0.000000        1.000000
   
 >>>calculation parameters : 
 E_arc :        106.00000
 Eta_arc :          0.50000
 symprec :          0.00010
 EF_broadening :          0.05000
 Gap_threshold         0.00010
 OmegaMin :        100.00000
 OmegaMax :        110.00000
 OmegaNum :     50
 OmegaNum_unfold :    200
 Nk1 :    260
 Nk2 :    260
 Nk3 :    260
 NP number of principle layers  :      2
 Tmin(Kelvin)  :          0.00000
 Tmax(Kelvin)  :        100.00000
 NumT  :      1
 NBTau  :      1
 Beta  :        100.00000
 Nslice_BTau_Max  :   5000
 BTauMax(Tesla.ps)         0.00000
 Relaxation_Time_Tau (ps)         1.00000
 Rcut    999999.00000
 Magp               1
 iprint_level               1
 RKF45_PERIODIC_LEVEL            1.00
 Magp_min               0
 Magp_max               1
 wcc_calc_tol         0.08000
 wcc_neighbour_tol         0.30000
 NumLCZVecs   100
 NumSelectedEigenVals     0
 NumRandomConfs:     1
 Projection weight mode:NORMAL              
 The size of magnetic supercell is Magq= :      14
  
 We found LATTICE card
>> lattice information (Angstrom)
           a           b           c       alpha        beta       gamma
    6.136528    5.014699    7.748198   47.625949   60.140138   47.625949
 Three Lattice vectors of the unfolded cell: 
    6.136528    0.000000    0.000000
    0.000000    5.014699    0.000000
   -3.107979    0.000000    7.097537
>> Reciprocal lattice information (1/Angstrom)
           a           b           c       alpha        beta       gamma
    1.117764    1.252954    0.885263  170.075351  125.386371  170.075351
 Three reciprocal lattice vectors of the primitive cell: 
    1.023899   -0.000000    0.448361
    0.000000    1.252954   -0.000000
    0.000000    0.000000    0.885263
  
 We found ATOM_POSITIONS card
Origin_cell%Num_atoms   12
  
 Warning: You didn't specify the atom magnetic moment in the ATOMIC_POSITION card Or the format is wrong. So we set all the Atom-magnetic-moments to zero.
 
>> Atom position and magnetic moment of Original lattice
                                    Catesian(Ang)                  Fractional(Direct)         Magnetic moment
------------------------------------------------------------------------------------------------------------------
 index  Atom Name            x           y           z           a           b           c      Mx      My      Mz
------------------------------------------------------------------------------------------------------------------
     1  P1            2.330528    4.524636    2.968169    0.591585    0.902275    0.418197   0.000   0.000   0.000
     2  P2            2.252010    2.017286    0.580599    0.408415    0.402275    0.081803   0.000   0.000   0.000
     3  P3            0.698021    0.490063    4.129368    0.408415    0.097725    0.581803   0.000   0.000   0.000
     4  P4            0.776539    2.997412    6.516938    0.591585    0.597725    0.918197   0.000   0.000   0.000
     5  P5            1.971831    1.338706    5.698113    0.727937    0.266956    0.802830   0.000   0.000   0.000
     6  P6           -0.497271    3.846055    4.948193    0.272063    0.766956    0.697170   0.000   0.000   0.000
     7  P7            1.056718    3.675993    1.399424    0.272063    0.733044    0.197170   0.000   0.000   0.000
     8  P8            3.525821    1.168644    2.149344    0.727937    0.233044    0.302830   0.000   0.000   0.000
     9  Ag1           3.408311    2.738072    4.266129    0.859839    0.546009    0.601072   0.000   0.000   0.000
    10  Ag2          -1.933751    0.230723    6.380177    0.140161    0.046009    0.898928   0.000   0.000   0.000
    11  Ag3          -0.379761    2.276627    2.831408    0.140161    0.453991    0.398928   0.000   0.000   0.000
    12  Ag4           4.962300    4.783976    0.717360    0.859839    0.953991    0.101072   0.000   0.000   0.000
  
 We found PROJECTORS card
 >>Number of projectors per atoms:
     3     3     3     3     3     3     3     3     3     3
     3     3
P1      pz      px      py      
P2      pz      px      py      
P3      pz      px      py      
P4      pz      px      py      
P5      pz      px      py      
P6      pz      px      py      
P7      pz      px      py      
P8      pz      px      py      
Ag1     pz      px      py      
Ag2     pz      px      py      
Ag3     pz      px      py      
Ag4     pz      px      py      
  
 >> Wannier centers by default, in unit of unit lattice vectors
 iwann        R1        R2        R3         x         y         z
     1  0.591585  0.902275  0.418197  2.330528  4.524636  2.968169
     2  0.591585  0.902275  0.418197  2.330528  4.524636  2.968169
     3  0.591585  0.902275  0.418197  2.330528  4.524636  2.968169
     4  0.408415  0.402275  0.081803  2.252010  2.017286  0.580599
     5  0.408415  0.402275  0.081803  2.252010  2.017286  0.580599
     6  0.408415  0.402275  0.081803  2.252010  2.017286  0.580599
     7  0.408415  0.097725  0.581803  0.698021  0.490063  4.129368
     8  0.408415  0.097725  0.581803  0.698021  0.490063  4.129368
     9  0.408415  0.097725  0.581803  0.698021  0.490063  4.129368
    10  0.591585  0.597725  0.918197  0.776539  2.997412  6.516938
    11  0.591585  0.597725  0.918197  0.776539  2.997412  6.516938
    12  0.591585  0.597725  0.918197  0.776539  2.997412  6.516938
    13  0.727937  0.266956  0.802830  1.971831  1.338706  5.698113
    14  0.727937  0.266956  0.802830  1.971831  1.338706  5.698113
    15  0.727937  0.266956  0.802830  1.971831  1.338706  5.698113
    16  0.272063  0.766956  0.697170 -0.497271  3.846055  4.948193
    17  0.272063  0.766956  0.697170 -0.497271  3.846055  4.948193
    18  0.272063  0.766956  0.697170 -0.497271  3.846055  4.948193
    19  0.272063  0.733044  0.197170  1.056718  3.675993  1.399424
    20  0.272063  0.733044  0.197170  1.056718  3.675993  1.399424
    21  0.272063  0.733044  0.197170  1.056718  3.675993  1.399424
    22  0.727937  0.233044  0.302830  3.525821  1.168644  2.149344
    23  0.727937  0.233044  0.302830  3.525821  1.168644  2.149344
    24  0.727937  0.233044  0.302830  3.525821  1.168644  2.149344
    25  0.859839  0.546009  0.601072  3.408311  2.738072  4.266129
    26  0.859839  0.546009  0.601072  3.408311  2.738072  4.266129
    27  0.859839  0.546009  0.601072  3.408311  2.738072  4.266129
    28  0.140161  0.046009  0.898928 -1.933751  0.230723  6.380177
    29  0.140161  0.046009  0.898928 -1.933751  0.230723  6.380177
    30  0.140161  0.046009  0.898928 -1.933751  0.230723  6.380177
    31  0.140161  0.453991  0.398928 -0.379761  2.276627  2.831408
    32  0.140161  0.453991  0.398928 -0.379761  2.276627  2.831408
    33  0.140161  0.453991  0.398928 -0.379761  2.276627  2.831408
    34  0.859839  0.953991  0.101072  4.962300  4.783976  0.717360
    35  0.859839  0.953991  0.101072  4.962300  4.783976  0.717360
    36  0.859839  0.953991  0.101072  4.962300  4.783976  0.717360
 We didn't found LATTICE_UNFOLD card, so it is the same as the unit cell.
>> Folded lattice information (Angstrom)
           a           b           c       alpha        beta       gamma
    6.136528    5.014699    7.748198   47.625949   60.140138   47.625949
 Three Lattice vectors of unfolded cell: 
    6.136528    0.000000    0.000000
    0.000000    5.014699    0.000000
   -3.107979    0.000000    7.097537
>> Folded Reciprocal lattice information (1/Angstrom)
           a           b           c       alpha        beta       gamma
    1.117764    1.252954    0.885263  170.075351  125.386371  170.075351
 Three reciprocal lattice vectors of unfolded cell: 
    1.023899   -0.000000    0.448361
    0.000000    1.252954   -0.000000
    0.000000    0.000000    0.885263
 
>> The relation between the original lattice and the unfolded lattice
>> The cell volume ratio is:     1.000000
>> The lattice constant a ratio is:     1.000000
>> The lattice constant b ratio is:     1.000000
>> The lattice constant c ratio is:     1.000000
>> Origin_cell in unit of Folded_cell: R1      1.000000    0.000000    0.000000
>> Origin_cell in unit of Folded_cell: R2      0.000000    1.000000    0.000000
>> Origin_cell in unit of Folded_cell: R3     -0.000000    0.000000    1.000000
 
 
>>> Atom position and magnetic moment of Unfolded lattice
                                    Catesian(Ang)                  Fractional(Direct)         Magnetic moment
------------------------------------------------------------------------------------------------------------------
 index  Atom Name            x           y           z           a           b           c      Mx      My      Mz
------------------------------------------------------------------------------------------------------------------
     1  P1            2.330528    4.524636    2.968169    0.591585    0.902275    0.418197   0.000   0.000   0.000
     2  P2            2.252010    2.017286    0.580599    0.408415    0.402275    0.081803   0.000   0.000   0.000
     3  P3            0.698021    0.490063    4.129368    0.408415    0.097725    0.581803   0.000   0.000   0.000
     4  P4            0.776539    2.997412    6.516938    0.591585    0.597725    0.918197   0.000   0.000   0.000
     5  P5            1.971831    1.338706    5.698113    0.727937    0.266956    0.802830   0.000   0.000   0.000
     6  P6           -0.497271    3.846055    4.948193    0.272063    0.766956    0.697170   0.000   0.000   0.000
     7  P7            1.056718    3.675993    1.399424    0.272063    0.733044    0.197170   0.000   0.000   0.000
     8  P8            3.525821    1.168644    2.149344    0.727937    0.233044    0.302830   0.000   0.000   0.000
     9  Ag1           3.408311    2.738072    4.266129    0.859839    0.546009    0.601072   0.000   0.000   0.000
    10  Ag2          -1.933751    0.230723    6.380177    0.140161    0.046009    0.898928   0.000   0.000   0.000
    11  Ag3          -0.379761    2.276627    2.831408    0.140161    0.453991    0.398928   0.000   0.000   0.000
    12  Ag4           4.962300    4.783976    0.717360    0.859839    0.953991    0.101072   0.000   0.000   0.000
  
 We found SURFACE card
 
>> new vectors to define the surface (in unit of lattice vector)
 The 1st vector on surface     :    1.000000    0.000000    0.000000
 The 2nd vector on surface     :    0.000000    0.000000    1.000000
 The 3rd vector out of surface :    0.000000    5.000000    5.000000
 
 Warnning: The Umatrix is wrongly set, the new cellvolume should be the same as the old ones. 
 cell_volume vs cell_volume-new 1473.9131-7369.5656
 However, don't worry, WannierTools will help you to find a suitable rotation matrix.
 I am looking for new unit cell atuomatically: 
   Congratulations, you got a unit cell that has  the same volume as the original unit cell 
  The unitary rotation matrix is : 
     1.000     0.000     0.000
     0.000     0.000     1.000
     0.000    -1.000     0.000
  
 The lattice vectors for new cell are : 
 R1=    11.596     0.000     0.000
 R2=    -5.873     0.000    13.412
 R3=     0.000    -9.476     0.000
  Where R1, R2, R3 are in cartesian coordinates
 
>> New SURFACE CARD:
 The 1st vector on surface     :    1.000000    0.000000    0.000000
 The 2nd vector on surface     :    0.000000    0.000000    1.000000
 The 3rd vector out of surface :    0.000000   -1.000000    0.000000
  
 The rotated new unit cell in cartesian coordinates : 
   11.596358    0.000000    0.000000
   -5.873229    0.000000   13.412402
    0.000000   -9.476408    0.000000
New cell's Volume is          218.41139Ang^3
  
 Fractional coordinates of atoms in units of new lattice vectors : 
P1      0.591585    0.418197    0.097725
P2      0.408415    0.081803    0.597725
P3      0.408415    0.581803    0.902275
P4      0.591585    0.918197    0.402275
P5      0.727937    0.802830    0.733044
P6      0.272063    0.697170    0.233044
P7      0.272063    0.197170    0.266956
P8      0.727937    0.302830    0.766956
Ag1     0.859839    0.601072    0.453991
Ag2     0.140161    0.898928    0.953991
Ag3     0.140161    0.398928    0.546009
Ag4     0.859839    0.101072    0.046009
  
 
 >> Top surface atom is     10 Ag2       
 
 2D Primitive Cell_Volume:    43.554238142461116     
 Ra2, Rb2
    6.1365    0.0000
   -3.1080    7.0975
 Ka2, Kb2
    0.2867    0.1256
   -0.0000    0.2479
>> lattice information of the magnetic supercell (Angstrom)
    6.136528    0.000000    0.000000
   -3.107979    0.000000    7.097537
    0.000000  -70.205785    0.000000
>> Reciprocal lattice information of the magnetic supercell (1/Angstrom)
    1.023899    0.000000    0.448361
   -0.000000    0.000000    0.885263
    0.000000   -0.089497    0.000000
  
3D Primitive Origin_cell%CellVolume:     218.41139054 in Angstrom^3
3D Magnetic supercell Volume:    3057.75946754 in Angstrom^3
Projected area of magnetic supercell normal to the first vector specifed in SURFACE card:    1779.41940184 in Angstrom^2
  
 We found KPATH_BULK card
Number of K lines :    10
 E      0.5000   0.5000   0.5000  A       0.5000   0.0000   0.5000
 A      0.5000   0.0000   0.5000  G       0.0000   0.0000   0.0000
 G      0.0000   0.0000   0.0000  B       0.0000   0.0000   0.5000
 B      0.0000   0.0000   0.5000  D       0.0000   0.5000   0.5000
 D      0.0000   0.5000   0.5000  C2      0.5000   0.5000   0.0000
 C2     0.5000   0.5000   0.0000  Z       0.0000   0.5000   0.0000
 Z      0.0000   0.5000   0.0000  G       0.0000   0.0000   0.0000
 G      0.0000   0.0000   0.0000  Y2      0.5000   0.0000   0.0000
 Y2     0.5000   0.0000   0.0000  C2      0.5000   0.5000   0.0000
 C2     0.5000   0.5000   0.0000  E       0.5000   0.5000   0.5000
  
 We found KPATH_SLAB card
 k lines for 2D system
 No. of k lines for 2D system :            5
  G     0.00000  0.00000    X       0.50000  0.00000
  X     0.50000  0.00000    M       0.50000  0.50000
  M     0.50000  0.50000    Y       0.00000  0.50000
  Y     0.00000  0.50000    G       0.00000  0.00000
  G     0.00000  0.00000    M       0.50000  0.50000
  
 We found KPLANE_SLAB card
 >> Kpoints plane for 2D system--> arcs  
K2D_start: -0.5000 -0.5000
The first vector:   1.0000  0.0000
The second vector:   0.0000  1.0000
  
 We found KPLANE_BULK card
 >> Kpoints plane for 3D system--> gapshape  
k3D_start :   0.0000  0.5000  0.0000
The 1st vector:   0.0000  0.0000  1.0000
The 2nd vector:   0.0000  1.0000  0.0000
  
 We found KCUBE_BULK card
 >> Kpoints cube for 3D system--> gapshape3D  
k3D_start : -0.0000 -0.0000 -0.0000
The 1st vector:   1.0000  0.0000  0.0000
The 2nd vector:   0.0000  1.0000  0.0000
The 3rd vector:   0.0000  0.0000  1.0000
kCubeVolume:   1.1357
ReciprocalOrigin_cell%CellVolume:   1.1357
  
  
 >> Using default parameters for Kpoint_3D
>> k points  0.0000 0.0000 0.0000 in unit of reciprocal primitive cell
>> k points  0.0000 0.0000 0.0000 in Cartesian coordinates
  
 >> Using default parameters for effective mass calculation
 >> Effective mass calculation parameters  
>> The    10'th band
>> k step  0.0100 in unit of 1/Angstrom
>> k points  0.0000 0.0000 0.0000 in unit of reciprocal primitive cell
>> k points  0.0000 0.0000 0.0000 in unit of 1/Angstrom
  
 We found KPOINTS_3D card
 
KPOINTS_3D positions
     index        kx        ky        kz        k1        k2        k3
       1       0.51195   0.62648   0.66681   0.50000   0.50000   0.50000
       2       0.51195   0.00000   0.66681   0.50000   0.00000   0.50000
       3       0.00000   0.00000   0.00000   0.00000   0.00000   0.00000
       4       0.00000   0.00000   0.44263   0.00000   0.00000   0.50000
       5       0.00000   0.62648   0.44263   0.00000   0.50000   0.50000
       6       0.51195   0.62648   0.22418   0.50000   0.50000   0.00000
       7       0.00000   0.62648   0.00000   0.00000   0.50000   0.00000
       8       0.00000   0.00000   0.00000   0.00000   0.00000   0.00000
       9       0.51195   0.00000   0.22418   0.50000   0.00000   0.00000
      10       0.51195   0.62648   0.22418   0.50000   0.50000   0.00000
 
  
  
 >> We use the default values for k3points_unfold_pointmode_direct=[0,0,0]
 >> and Nk3_unfold_point_mode = 1
  
 >> We use the default values for Single_KPOINT_2D_DIRECT=[0,0]
  
 >> We use the default values for Single_KPOINT_3D_DIRECT=[0,0,0]
 >> Output all atoms weight for surface state spectrum
 > NtopAtoms           12
> TopAtoms 
     1     2     3     4     5     6     7     8     9    10
    11    12
> NbottomAtoms         12
> BottomAtoms 
     1     2     3     4     5     6     7     8     9    10
    11    12
 > NtopOrbitals           36
> TopOrbitals 
     1     2     3     4     5     6     7     8     9    10
    11    12    13    14    15    16    17    18    19    20
    21    22    23    24    25    26    27    28    29    30
    31    32    33    34    35    36
> NBottomOrbitals   36
> BottomOrbitals 
     1     2     3     4     5     6     7     8     9    10
    11    12    13    14    15    16    17    18    19    20
    21    22    23    24    25    26    27    28    29    30
    31    32    33    34    35    36
  
 >> We do not calculate chirality for nodal lines
  
 We found WEYL_CHIRALITY card
 
Weyl point positions
        kx        ky        kz        k1        k2        k3
   0.00000   0.00000   0.00000   0.00000   0.00000   0.00000
 
  
  
>> There are    1 groups of SelectedAtoms
Group :   1
>> Number of atoms selected        12
>> Selected atoms are
    1  P1            2  P2            3  P3            4  P4            5  P5            6  P6            7  P7            8  P8            9  Ag1          10  Ag2       
   11  Ag3          12  Ag4       
  
>> There are   1 groups of SelectedOrbitals
 >> SelectedOrbitals
>> Number of orbitals selected (exclude spin degenarcy)        36
>> Orbitals are
       1       2       3       4       5       6       7       8       9      10      11      12
      13      14      15      16      17      18      19      20      21      22      23      24
      25      26      27      28      29      30      31      32      33      34      35      36
  
 >> SELECTED_OCCUPIED_BANDS
>> Number of Occupied bands selected         10
>> OccupiedBand indices are
     1     2     3     4     5     6     7     8     9    10
  
  
 >> SELECTEDBANDS
>> Number of bands selected         36
>> Band indices are
     1     2     3     4     5     6     7     8     9    10    11    12
    13    14    15    16    17    18    19    20    21    22    23    24
    25    26    27    28    29    30    31    32    33    34    35    36
  
  
 We found ATOM_MASS card
There are        12kind of atoms
Each type have         1 atoms
And their mass is   30.973762
Each type have         1 atoms
And their mass is   30.973762
Each type have         1 atoms
And their mass is   30.973762
Each type have         1 atoms
And their mass is   30.973762
Each type have         1 atoms
And their mass is   30.973762
Each type have         1 atoms
And their mass is   30.973762
Each type have         1 atoms
And their mass is   30.973762
Each type have         1 atoms
And their mass is   30.973762
Each type have         1 atoms
And their mass is  107.868200
Each type have         1 atoms
And their mass is  107.868200
Each type have         1 atoms
And their mass is  107.868200
Each type have         1 atoms
And their mass is  107.868200
  
 We found LOTO_DT card for LOTO correction
Diele_tensor(1,:)    14.58137     0.00000    -0.04397
Diele_tensor(2,:)     0.00000     6.88603     0.00000
Diele_tensor(3,:)    -0.04397     0.00000    15.58565
  
 We found LOTO_BC card for LOTO correction
Born_Charge for atom   1  P1    
     0.08924     0.46923    -0.42715
     0.36412     0.57468    -0.12403
    -0.36867    -0.18621     0.22640
Born_Charge for atom   2  P2    
     0.08924    -0.46923    -0.42715
    -0.36412     0.57468     0.12403
    -0.36867     0.18621     0.22640
Born_Charge for atom   3  P3    
     0.08924     0.46923    -0.42715
     0.36412     0.57468    -0.12403
    -0.36867    -0.18621     0.22640
Born_Charge for atom   4  P4    
     0.08924    -0.46923    -0.42715
    -0.36412     0.57468     0.12403
    -0.36867     0.18621     0.22640
Born_Charge for atom   5  P5    
    -0.59566     0.07634     0.18462
    -0.31706    -1.08212    -0.22210
     0.33938    -0.05024    -0.68004
Born_Charge for atom   6  P6    
    -0.59566    -0.07634     0.18462
     0.31706    -1.08212     0.22210
     0.33938     0.05024    -0.68004
Born_Charge for atom   7  P7    
    -0.59566     0.07634     0.18462
    -0.31706    -1.08212    -0.22210
     0.33938    -0.05024    -0.68004
Born_Charge for atom   8  P8    
    -0.59566    -0.07634     0.18462
     0.31706    -1.08212     0.22210
     0.33938     0.05024    -0.68004
Born_Charge for atom   9  Ag1   
     0.50644     0.07597     0.24247
     0.44122     0.50323     0.22140
     0.02925     0.09012     0.45371
Born_Charge for atom  10  Ag2   
     0.50644    -0.07597     0.24247
    -0.44122     0.50323    -0.22140
     0.02925    -0.09012     0.45371
Born_Charge for atom  11  Ag3   
     0.50644     0.07597     0.24247
     0.44122     0.50323     0.22140
     0.02925     0.09012     0.45371
Born_Charge for atom  12  Ag4   
     0.50644    -0.07597     0.24247
    -0.44122     0.50323    -0.22140
     0.02925    -0.09012     0.45371
 <<<Read wt.in file successfully
 Time cost for readinput is about            0.008 s
  
 >> We finished the symmetry reducing of the kpoints in the kcube
  Number of kpoints mesh is   17576000
  Number of symmetry reduced kpoints is          0
  
 Time cost for symmetry is about            0.000 s
  >> Begin to read Hmn_R.data
  
>>: Center position for zero electrical potential for adding electrical field    0.500000    0.500000    0.500000
 
  Note: This is not a 2D system or E=0, so we can't add electric field.
 
 
 >> Hopping parameters in the home unit cell
 >> H00= Hmn(R=0) real part
  4.010  0.080  0.134  0.138 -0.062  0.105  0.033  0.008  0.023  0.039 -0.020 -0.020 -0.011 -0.039  0.021 -0.105 -0.043  0.051 -1.259 -0.304 -1.030  0.002  0.082  0.042 -0.100  0.211 -0.143 -0.000  0.002  0.002 -0.038 -0.024  0.006 -0.036 -0.002  0.028
  0.080  3.944  0.016 -0.002 -0.206 -0.133  0.008 -0.019 -0.008 -0.048  0.033  0.010 -0.016 -0.062  0.065 -0.104  0.060  0.077 -0.448 -0.411 -0.541  0.035 -0.121 -0.062  0.175 -0.302  0.227 -0.005  0.001  0.005 -0.038 -0.032  0.002 -0.006  0.019  0.009
  0.134  0.016  3.607  0.082 -0.197 -0.082  0.023 -0.008  0.005 -0.001 -0.018 -0.011  0.027  0.097 -0.052  0.087  0.081 -0.049 -1.012 -0.418 -1.472  0.011  0.008 -0.007 -0.113  0.211 -0.142 -0.003  0.002 -0.000 -0.002 -0.000  0.038  0.027 -0.002 -0.027
  0.138 -0.002  0.082  4.010 -0.080  0.134  0.039 -0.048 -0.001  0.009 -0.009  0.003 -0.007  0.013  0.008  0.009 -0.001 -0.010 -0.915  0.943  0.369 -1.259  0.304 -1.030 -0.001 -0.010 -0.029 -0.002  0.001  0.001 -0.036  0.002  0.028 -0.027 -0.021  0.000
 -0.062 -0.206 -0.197 -0.080  3.944 -0.016 -0.020  0.033 -0.018 -0.009  0.030 -0.002  0.004 -0.023 -0.011 -0.012  0.007  0.030  0.754 -1.350 -0.656  0.448 -0.411  0.541 -0.004  0.019  0.024  0.000  0.002 -0.000  0.006  0.019 -0.009 -0.015 -0.007 -0.001
  0.105 -0.133 -0.082  0.134 -0.016  3.607 -0.020  0.010 -0.011  0.003 -0.002 -0.006 -0.002 -0.008 -0.007  0.002 -0.001 -0.002  0.179 -0.627 -0.586 -1.012  0.418 -1.472 -0.014 -0.008 -0.027 -0.000 -0.002  0.000  0.027  0.002 -0.027  0.004  0.004  0.005
  0.033  0.008  0.023  0.039 -0.020 -0.020  4.010  0.080  0.134  0.138 -0.062  0.105 -1.259 -0.304 -1.030  0.002  0.082  0.042 -0.011 -0.039  0.021 -0.105 -0.043  0.051 -0.038 -0.024  0.006 -0.036 -0.002  0.028 -0.100  0.211 -0.143 -0.000  0.002  0.002
  0.008 -0.019 -0.008 -0.048  0.033  0.010  0.080  3.944  0.016 -0.002 -0.206 -0.133 -0.448 -0.411 -0.541  0.035 -0.121 -0.062 -0.016 -0.062  0.065 -0.104  0.060  0.077 -0.038 -0.032  0.002 -0.006  0.019  0.009  0.175 -0.302  0.227 -0.005  0.001  0.005
  0.023 -0.008  0.005 -0.001 -0.018 -0.011  0.134  0.016  3.607  0.082 -0.197 -0.082 -1.012 -0.418 -1.472  0.011  0.008 -0.007  0.027  0.097 -0.052  0.087  0.081 -0.049 -0.002 -0.000  0.038  0.027 -0.002 -0.027 -0.113  0.211 -0.142 -0.003  0.002 -0.000
  0.039 -0.048 -0.001  0.009 -0.009  0.003  0.138 -0.002  0.082  4.010 -0.080  0.134 -0.915  0.943  0.369 -1.259  0.304 -1.030 -0.007  0.013  0.008  0.009 -0.001 -0.010 -0.036  0.002  0.028 -0.027 -0.021  0.000 -0.001 -0.010 -0.029 -0.002  0.001  0.001
 -0.020  0.033 -0.018 -0.009  0.030 -0.002 -0.062 -0.206 -0.197 -0.080  3.944 -0.016  0.754 -1.350 -0.656  0.448 -0.411  0.541  0.004 -0.023 -0.011 -0.012  0.007  0.030  0.006  0.019 -0.009 -0.015 -0.007 -0.001 -0.004  0.019  0.024  0.000  0.002 -0.000
 -0.020  0.010 -0.011  0.003 -0.002 -0.006  0.105 -0.133 -0.082  0.134 -0.016  3.607  0.179 -0.627 -0.586 -1.012  0.418 -1.472 -0.002 -0.008 -0.007  0.002 -0.001 -0.002  0.027  0.002 -0.027  0.004  0.004  0.005 -0.014 -0.008 -0.027 -0.000 -0.002  0.000
 -0.011 -0.016  0.027 -0.007  0.004 -0.002 -1.259 -0.448 -1.012 -0.915  0.754  0.179  3.370 -0.347  0.476 -0.115  0.153 -0.005 -0.008 -0.001  0.004 -0.023  0.002  0.081 -0.178 -0.231  0.209  0.002  0.011 -0.002 -0.007  0.001 -0.004  0.003 -0.005  0.002
 -0.039 -0.062  0.097  0.013 -0.023 -0.008 -0.304 -0.411 -0.418  0.943 -1.350 -0.627 -0.347  3.061  0.619  0.105 -0.168  0.065 -0.001 -0.003 -0.005 -0.008 -0.003 -0.020 -0.189 -0.196  0.191 -0.001  0.001 -0.000  0.003  0.013 -0.004 -0.003  0.002 -0.003
  0.021  0.065 -0.052  0.008 -0.011 -0.007 -1.030 -0.541 -1.472  0.369 -0.656 -0.586  0.476  0.619  3.291 -0.060  0.038  0.096  0.004 -0.005  0.010  0.042 -0.042 -0.124  0.204  0.212 -0.227 -0.002 -0.001 -0.002 -0.017  0.004 -0.027  0.001 -0.004  0.001
 -0.105 -0.104  0.087  0.009 -0.012  0.002  0.002  0.035  0.011 -1.259  0.448 -1.012 -0.115  0.105 -0.060  3.370  0.347  0.476 -0.023 -0.008  0.042  0.001 -0.001  0.001  0.002 -0.011 -0.002  0.001 -0.005  0.005  0.007 -0.010 -0.027 -0.005 -0.005 -0.002
 -0.043  0.060  0.081 -0.001  0.007 -0.001  0.082 -0.121  0.008  0.304 -0.411  0.418  0.153 -0.168  0.038  0.347  3.061 -0.619  0.002 -0.003 -0.042 -0.001 -0.000 -0.004  0.001  0.001  0.000  0.001 -0.007  0.005  0.024 -0.080 -0.104  0.002  0.002 -0.002
  0.051  0.077 -0.049 -0.010  0.030 -0.002  0.042 -0.062 -0.007 -1.030  0.541 -1.472 -0.005  0.065  0.096  0.476 -0.619  3.291  0.081 -0.020 -0.124  0.001 -0.004 -0.006 -0.002  0.001 -0.002 -0.000  0.003  0.001  0.012 -0.088 -0.105  0.003  0.001 -0.000
 -1.259 -0.448 -1.012 -0.915  0.754  0.179 -0.011 -0.016  0.027 -0.007  0.004 -0.002 -0.008 -0.001  0.004 -0.023  0.002  0.081  3.370 -0.347  0.476 -0.115  0.153 -0.005 -0.007  0.001 -0.004  0.003 -0.005  0.002 -0.178 -0.231  0.209  0.002  0.011 -0.002
 -0.304 -0.411 -0.418  0.943 -1.350 -0.627 -0.039 -0.062  0.097  0.013 -0.023 -0.008 -0.001 -0.003 -0.005 -0.008 -0.003 -0.020 -0.347  3.061  0.619  0.105 -0.168  0.065  0.003  0.013 -0.004 -0.003  0.002 -0.003 -0.189 -0.196  0.191 -0.001  0.001 -0.000
 -1.030 -0.541 -1.472  0.369 -0.656 -0.586  0.021  0.065 -0.052  0.008 -0.011 -0.007  0.004 -0.005  0.010  0.042 -0.042 -0.124  0.476  0.619  3.291 -0.060  0.038  0.096 -0.017  0.004 -0.027  0.001 -0.004  0.001  0.204  0.212 -0.227 -0.002 -0.001 -0.002
  0.002  0.035  0.011 -1.259  0.448 -1.012 -0.105 -0.104  0.087  0.009 -0.012  0.002 -0.023 -0.008  0.042  0.001 -0.001  0.001 -0.115  0.105 -0.060  3.370  0.347  0.476  0.007 -0.010 -0.027 -0.005 -0.005 -0.002  0.002 -0.011 -0.002  0.001 -0.005  0.005
  0.082 -0.121  0.008  0.304 -0.411  0.418 -0.043  0.060  0.081 -0.001  0.007 -0.001  0.002 -0.003 -0.042 -0.001 -0.000 -0.004  0.153 -0.168  0.038  0.347  3.061 -0.619  0.024 -0.080 -0.104  0.002  0.002 -0.002  0.001  0.001  0.000  0.001 -0.007  0.005
  0.042 -0.062 -0.007 -1.030  0.541 -1.472  0.051  0.077 -0.049 -0.010  0.030 -0.002  0.081 -0.020 -0.124  0.001 -0.004 -0.006 -0.005  0.065  0.096  0.476 -0.619  3.291  0.012 -0.088 -0.105  0.003  0.001 -0.000 -0.002  0.001 -0.002 -0.000  0.003  0.001
 -0.100  0.175 -0.113 -0.001 -0.004 -0.014 -0.038 -0.038 -0.002 -0.036  0.006  0.027 -0.178 -0.189  0.204  0.002  0.001 -0.002 -0.007  0.003 -0.017  0.007  0.024  0.012  0.431  0.030 -0.095  0.006 -0.001  0.004 -0.006 -0.000 -0.003 -0.001  0.000 -0.000
  0.211 -0.302  0.211 -0.010  0.019 -0.008 -0.024 -0.032 -0.000  0.002  0.019  0.002 -0.231 -0.196  0.212 -0.011  0.001  0.001  0.001  0.013  0.004 -0.010 -0.080 -0.088  0.030  0.332 -0.143  0.000 -0.003 -0.001 -0.000  0.003  0.002 -0.001 -0.002  0.003
 -0.143  0.227 -0.142 -0.029  0.024 -0.027  0.006  0.002  0.038  0.028 -0.009 -0.027  0.209  0.191 -0.227 -0.002  0.000 -0.002 -0.004 -0.004 -0.027 -0.027 -0.104 -0.105 -0.095 -0.143  0.342 -0.001 -0.001  0.000 -0.003  0.002  0.004  0.001  0.004 -0.004
 -0.000 -0.005 -0.003 -0.002  0.000 -0.000 -0.036 -0.006  0.027 -0.027 -0.015  0.004  0.002 -0.001 -0.002  0.001  0.001 -0.000  0.003 -0.003  0.001 -0.005  0.002  0.003  0.006  0.000 -0.001  0.431 -0.030 -0.095 -0.001 -0.001  0.001 -0.001  0.000 -0.000
  0.002  0.001  0.002  0.001  0.002 -0.002 -0.002  0.019 -0.002 -0.021 -0.007  0.004  0.011  0.001 -0.001 -0.005 -0.007  0.003 -0.005  0.002 -0.004 -0.005  0.002  0.001 -0.001 -0.003 -0.001 -0.030  0.332  0.143  0.000 -0.002  0.004  0.000  0.001  0.001
  0.002  0.005 -0.000  0.001 -0.000  0.000  0.028  0.009 -0.027  0.000 -0.001  0.005 -0.002 -0.000 -0.002  0.005  0.005  0.001  0.002 -0.003  0.001 -0.002 -0.002 -0.000  0.004 -0.001  0.000 -0.095  0.143  0.342 -0.000  0.003 -0.004 -0.000  0.001 -0.002
 -0.038 -0.038 -0.002 -0.036  0.006  0.027 -0.100  0.175 -0.113 -0.001 -0.004 -0.014 -0.007  0.003 -0.017  0.007  0.024  0.012 -0.178 -0.189  0.204  0.002  0.001 -0.002 -0.006 -0.000 -0.003 -0.001  0.000 -0.000  0.431  0.030 -0.095  0.006 -0.001  0.004
 -0.024 -0.032 -0.000  0.002  0.019  0.002  0.211 -0.302  0.211 -0.010  0.019 -0.008  0.001  0.013  0.004 -0.010 -0.080 -0.088 -0.231 -0.196  0.212 -0.011  0.001  0.001 -0.000  0.003  0.002 -0.001 -0.002  0.003  0.030  0.332 -0.143  0.000 -0.003 -0.001
  0.006  0.002  0.038  0.028 -0.009 -0.027 -0.143  0.227 -0.142 -0.029  0.024 -0.027 -0.004 -0.004 -0.027 -0.027 -0.104 -0.105  0.209  0.191 -0.227 -0.002  0.000 -0.002 -0.003  0.002  0.004  0.001  0.004 -0.004 -0.095 -0.143  0.342 -0.001 -0.001  0.000
 -0.036 -0.006  0.027 -0.027 -0.015  0.004 -0.000 -0.005 -0.003 -0.002  0.000 -0.000  0.003 -0.003  0.001 -0.005  0.002  0.003  0.002 -0.001 -0.002  0.001  0.001 -0.000 -0.001 -0.001  0.001 -0.001  0.000 -0.000  0.006  0.000 -0.001  0.431 -0.030 -0.095
 -0.002  0.019 -0.002 -0.021 -0.007  0.004  0.002  0.001  0.002  0.001  0.002 -0.002 -0.005  0.002 -0.004 -0.005  0.002  0.001  0.011  0.001 -0.001 -0.005 -0.007  0.003  0.000 -0.002  0.004  0.000  0.001  0.001 -0.001 -0.003 -0.001 -0.030  0.332  0.143
  0.028  0.009 -0.027  0.000 -0.001  0.005  0.002  0.005 -0.000  0.001 -0.000  0.000  0.002 -0.003  0.001 -0.002 -0.002 -0.000 -0.002 -0.000 -0.002  0.005  0.005  0.001 -0.000  0.003 -0.004 -0.000  0.001 -0.002  0.004 -0.001  0.000 -0.095  0.143  0.342
 
 >> H00= Hmn(R=0) imagary part
  0.000  0.000  0.000  0.000  0.000  0.000  0.000  0.000  0.000  0.000  0.000  0.000  0.000  0.000  0.000  0.000  0.000  0.000  0.000  0.000  0.000  0.000  0.000  0.000  0.000  0.000  0.000  0.000  0.000  0.000  0.000  0.000  0.000  0.000  0.000  0.000
  0.000  0.000  0.000  0.000  0.000  0.000  0.000  0.000  0.000  0.000  0.000  0.000  0.000  0.000  0.000  0.000  0.000  0.000  0.000  0.000  0.000  0.000  0.000  0.000  0.000  0.000  0.000  0.000  0.000  0.000  0.000  0.000  0.000  0.000  0.000  0.000
  0.000  0.000  0.000  0.000  0.000  0.000  0.000  0.000  0.000  0.000  0.000  0.000  0.000  0.000  0.000  0.000  0.000  0.000  0.000  0.000  0.000  0.000  0.000  0.000  0.000  0.000  0.000  0.000  0.000  0.000  0.000  0.000  0.000  0.000  0.000  0.000
  0.000  0.000  0.000  0.000  0.000  0.000  0.000  0.000  0.000  0.000  0.000  0.000  0.000  0.000  0.000  0.000  0.000  0.000  0.000  0.000  0.000  0.000  0.000  0.000  0.000  0.000  0.000  0.000  0.000  0.000  0.000  0.000  0.000  0.000  0.000  0.000
  0.000  0.000  0.000  0.000  0.000  0.000  0.000  0.000  0.000  0.000  0.000  0.000  0.000  0.000  0.000  0.000  0.000  0.000  0.000  0.000  0.000  0.000  0.000  0.000  0.000  0.000  0.000  0.000  0.000  0.000  0.000  0.000  0.000  0.000  0.000  0.000
  0.000  0.000  0.000  0.000  0.000  0.000  0.000  0.000  0.000  0.000  0.000  0.000  0.000  0.000  0.000  0.000  0.000  0.000  0.000  0.000  0.000  0.000  0.000  0.000  0.000  0.000  0.000  0.000  0.000  0.000  0.000  0.000  0.000  0.000  0.000  0.000
  0.000  0.000  0.000  0.000  0.000  0.000  0.000  0.000  0.000  0.000  0.000  0.000  0.000  0.000  0.000  0.000  0.000  0.000  0.000  0.000  0.000  0.000  0.000  0.000  0.000  0.000  0.000  0.000  0.000  0.000  0.000  0.000  0.000  0.000  0.000  0.000
  0.000  0.000  0.000  0.000  0.000  0.000  0.000  0.000  0.000  0.000  0.000  0.000  0.000  0.000  0.000  0.000  0.000  0.000  0.000  0.000  0.000  0.000  0.000  0.000  0.000  0.000  0.000  0.000  0.000  0.000  0.000  0.000  0.000  0.000  0.000  0.000
  0.000  0.000  0.000  0.000  0.000  0.000  0.000  0.000  0.000  0.000  0.000  0.000  0.000  0.000  0.000  0.000  0.000  0.000  0.000  0.000  0.000  0.000  0.000  0.000  0.000  0.000  0.000  0.000  0.000  0.000  0.000  0.000  0.000  0.000  0.000  0.000
  0.000  0.000  0.000  0.000  0.000  0.000  0.000  0.000  0.000  0.000  0.000  0.000  0.000  0.000  0.000  0.000  0.000  0.000  0.000  0.000  0.000  0.000  0.000  0.000  0.000  0.000  0.000  0.000  0.000  0.000  0.000  0.000  0.000  0.000  0.000  0.000
  0.000  0.000  0.000  0.000  0.000  0.000  0.000  0.000  0.000  0.000  0.000  0.000  0.000  0.000  0.000  0.000  0.000  0.000  0.000  0.000  0.000  0.000  0.000  0.000  0.000  0.000  0.000  0.000  0.000  0.000  0.000  0.000  0.000  0.000  0.000  0.000
  0.000  0.000  0.000  0.000  0.000  0.000  0.000  0.000  0.000  0.000  0.000  0.000  0.000  0.000  0.000  0.000  0.000  0.000  0.000  0.000  0.000  0.000  0.000  0.000  0.000  0.000  0.000  0.000  0.000  0.000  0.000  0.000  0.000  0.000  0.000  0.000
  0.000  0.000  0.000  0.000  0.000  0.000  0.000  0.000  0.000  0.000  0.000  0.000  0.000  0.000  0.000  0.000  0.000  0.000  0.000  0.000  0.000  0.000  0.000  0.000  0.000  0.000  0.000  0.000  0.000  0.000  0.000  0.000  0.000  0.000  0.000  0.000
  0.000  0.000  0.000  0.000  0.000  0.000  0.000  0.000  0.000  0.000  0.000  0.000  0.000  0.000  0.000  0.000  0.000  0.000  0.000  0.000  0.000  0.000  0.000  0.000  0.000  0.000  0.000  0.000  0.000  0.000  0.000  0.000  0.000  0.000  0.000  0.000
  0.000  0.000  0.000  0.000  0.000  0.000  0.000  0.000  0.000  0.000  0.000  0.000  0.000  0.000  0.000  0.000  0.000  0.000  0.000  0.000  0.000  0.000  0.000  0.000  0.000  0.000  0.000  0.000  0.000  0.000  0.000  0.000  0.000  0.000  0.000  0.000
  0.000  0.000  0.000  0.000  0.000  0.000  0.000  0.000  0.000  0.000  0.000  0.000  0.000  0.000  0.000  0.000  0.000  0.000  0.000  0.000  0.000  0.000  0.000  0.000  0.000  0.000  0.000  0.000  0.000  0.000  0.000  0.000  0.000  0.000  0.000  0.000
  0.000  0.000  0.000  0.000  0.000  0.000  0.000  0.000  0.000  0.000  0.000  0.000  0.000  0.000  0.000  0.000  0.000  0.000  0.000  0.000  0.000  0.000  0.000  0.000  0.000  0.000  0.000  0.000  0.000  0.000  0.000  0.000  0.000  0.000  0.000  0.000
  0.000  0.000  0.000  0.000  0.000  0.000  0.000  0.000  0.000  0.000  0.000  0.000  0.000  0.000  0.000  0.000  0.000  0.000  0.000  0.000  0.000  0.000  0.000  0.000  0.000  0.000  0.000  0.000  0.000  0.000  0.000  0.000  0.000  0.000  0.000  0.000
  0.000  0.000  0.000  0.000  0.000  0.000  0.000  0.000  0.000  0.000  0.000  0.000  0.000  0.000  0.000  0.000  0.000  0.000  0.000  0.000  0.000  0.000  0.000  0.000  0.000  0.000  0.000  0.000  0.000  0.000  0.000  0.000  0.000  0.000  0.000  0.000
  0.000  0.000  0.000  0.000  0.000  0.000  0.000  0.000  0.000  0.000  0.000  0.000  0.000  0.000  0.000  0.000  0.000  0.000  0.000  0.000  0.000  0.000  0.000  0.000  0.000  0.000  0.000  0.000  0.000  0.000  0.000  0.000  0.000  0.000  0.000  0.000
  0.000  0.000  0.000  0.000  0.000  0.000  0.000  0.000  0.000  0.000  0.000  0.000  0.000  0.000  0.000  0.000  0.000  0.000  0.000  0.000  0.000  0.000  0.000  0.000  0.000  0.000  0.000  0.000  0.000  0.000  0.000  0.000  0.000  0.000  0.000  0.000
  0.000  0.000  0.000  0.000  0.000  0.000  0.000  0.000  0.000  0.000  0.000  0.000  0.000  0.000  0.000  0.000  0.000  0.000  0.000  0.000  0.000  0.000  0.000  0.000  0.000  0.000  0.000  0.000  0.000  0.000  0.000  0.000  0.000  0.000  0.000  0.000
  0.000  0.000  0.000  0.000  0.000  0.000  0.000  0.000  0.000  0.000  0.000  0.000  0.000  0.000  0.000  0.000  0.000  0.000  0.000  0.000  0.000  0.000  0.000  0.000  0.000  0.000  0.000  0.000  0.000  0.000  0.000  0.000  0.000  0.000  0.000  0.000
  0.000  0.000  0.000  0.000  0.000  0.000  0.000  0.000  0.000  0.000  0.000  0.000  0.000  0.000  0.000  0.000  0.000  0.000  0.000  0.000  0.000  0.000  0.000  0.000  0.000  0.000  0.000  0.000  0.000  0.000  0.000  0.000  0.000  0.000  0.000  0.000
  0.000  0.000  0.000  0.000  0.000  0.000  0.000  0.000  0.000  0.000  0.000  0.000  0.000  0.000  0.000  0.000  0.000  0.000  0.000  0.000  0.000  0.000  0.000  0.000  0.000  0.000  0.000  0.000  0.000  0.000  0.000  0.000  0.000  0.000  0.000  0.000
  0.000  0.000  0.000  0.000  0.000  0.000  0.000  0.000  0.000  0.000  0.000  0.000  0.000  0.000  0.000  0.000  0.000  0.000  0.000  0.000  0.000  0.000  0.000  0.000  0.000  0.000  0.000  0.000  0.000  0.000  0.000  0.000  0.000  0.000  0.000  0.000
  0.000  0.000  0.000  0.000  0.000  0.000  0.000  0.000  0.000  0.000  0.000  0.000  0.000  0.000  0.000  0.000  0.000  0.000  0.000  0.000  0.000  0.000  0.000  0.000  0.000  0.000  0.000  0.000  0.000  0.000  0.000  0.000  0.000  0.000  0.000  0.000
  0.000  0.000  0.000  0.000  0.000  0.000  0.000  0.000  0.000  0.000  0.000  0.000  0.000  0.000  0.000  0.000  0.000  0.000  0.000  0.000  0.000  0.000  0.000  0.000  0.000  0.000  0.000  0.000  0.000  0.000  0.000  0.000  0.000  0.000  0.000  0.000
  0.000  0.000  0.000  0.000  0.000  0.000  0.000  0.000  0.000  0.000  0.000  0.000  0.000  0.000  0.000  0.000  0.000  0.000  0.000  0.000  0.000  0.000  0.000  0.000  0.000  0.000  0.000  0.000  0.000  0.000  0.000  0.000  0.000  0.000  0.000  0.000
  0.000  0.000  0.000  0.000  0.000  0.000  0.000  0.000  0.000  0.000  0.000  0.000  0.000  0.000  0.000  0.000  0.000  0.000  0.000  0.000  0.000  0.000  0.000  0.000  0.000  0.000  0.000  0.000  0.000  0.000  0.000  0.000  0.000  0.000  0.000  0.000
  0.000  0.000  0.000  0.000  0.000  0.000  0.000  0.000  0.000  0.000  0.000  0.000  0.000  0.000  0.000  0.000  0.000  0.000  0.000  0.000  0.000  0.000  0.000  0.000  0.000  0.000  0.000  0.000  0.000  0.000  0.000  0.000  0.000  0.000  0.000  0.000
  0.000  0.000  0.000  0.000  0.000  0.000  0.000  0.000  0.000  0.000  0.000  0.000  0.000  0.000  0.000  0.000  0.000  0.000  0.000  0.000  0.000  0.000  0.000  0.000  0.000  0.000  0.000  0.000  0.000  0.000  0.000  0.000  0.000  0.000  0.000  0.000
  0.000  0.000  0.000  0.000  0.000  0.000  0.000  0.000  0.000  0.000  0.000  0.000  0.000  0.000  0.000  0.000  0.000  0.000  0.000  0.000  0.000  0.000  0.000  0.000  0.000  0.000  0.000  0.000  0.000  0.000  0.000  0.000  0.000  0.000  0.000  0.000
  0.000  0.000  0.000  0.000  0.000  0.000  0.000  0.000  0.000  0.000  0.000  0.000  0.000  0.000  0.000  0.000  0.000  0.000  0.000  0.000  0.000  0.000  0.000  0.000  0.000  0.000  0.000  0.000  0.000  0.000  0.000  0.000  0.000  0.000  0.000  0.000
  0.000  0.000  0.000  0.000  0.000  0.000  0.000  0.000  0.000  0.000  0.000  0.000  0.000  0.000  0.000  0.000  0.000  0.000  0.000  0.000  0.000  0.000  0.000  0.000  0.000  0.000  0.000  0.000  0.000  0.000  0.000  0.000  0.000  0.000  0.000  0.000
  0.000  0.000  0.000  0.000  0.000  0.000  0.000  0.000  0.000  0.000  0.000  0.000  0.000  0.000  0.000  0.000  0.000  0.000  0.000  0.000  0.000  0.000  0.000  0.000  0.000  0.000  0.000  0.000  0.000  0.000  0.000  0.000  0.000  0.000  0.000  0.000
 
  << Read Hmn_R.data successfully
  
 >> Start of calculating the Wilson loop
 Wcc integration max_diff, Nk_adaptive   2.8352131504760791E-006         128
 Wcc integration max_diff, Nk_adaptive   2.3905540267321612E-006          64
 Wcc integration max_diff, Nk_adaptive   1.2928081714491668E-005          64
 Wcc integration max_diff, Nk_adaptive   2.4545585656454705E-005          64
 Wcc integration max_diff, Nk_adaptive   4.0622523828304224E-005          64
 Wcc integration max_diff, Nk_adaptive   6.2787482191239974E-005          64
 Wcc integration max_diff, Nk_adaptive   9.2352511943616378E-005          64
 Wcc integration max_diff, Nk_adaptive   1.3005937685228730E-004          64
 Wcc integration max_diff, Nk_adaptive   1.7583823855105152E-004          64
 Wcc integration max_diff, Nk_adaptive   2.2870272763064747E-004          64
 Wcc integration max_diff, Nk_adaptive   2.8686441759617765E-004          64
 Wcc integration max_diff, Nk_adaptive   3.5113895285654451E-004          64
 Wcc integration max_diff, Nk_adaptive   4.3120082435876839E-004          64
 Wcc integration max_diff, Nk_adaptive   5.1549917965765246E-004          64
 Wcc integration max_diff, Nk_adaptive   6.0160391735308849E-004          64
 Wcc integration max_diff, Nk_adaptive   6.8630778300793338E-004          64
 Wcc integration max_diff, Nk_adaptive   7.6550234352801283E-004          64
 Wcc integration max_diff, Nk_adaptive   8.3442671769162757E-004          64
 Wcc integration max_diff, Nk_adaptive   8.8837690423915205E-004          64
 Wcc integration max_diff, Nk_adaptive   9.2371520030987142E-004          64
 Wcc integration max_diff, Nk_adaptive   9.3878115621315317E-004          64
 Wcc integration max_diff, Nk_adaptive   9.3427944397994622E-004          64
 Wcc integration max_diff, Nk_adaptive   9.1297755678887427E-004          64
 Wcc integration max_diff, Nk_adaptive   8.7890391445455407E-004          64
 Wcc integration max_diff, Nk_adaptive   8.3642666415961742E-004          64
 Wcc integration max_diff, Nk_adaptive   7.8952937320408978E-004          64
 Wcc integration max_diff, Nk_adaptive   7.4140764361452227E-004          64
 Wcc integration max_diff, Nk_adaptive   6.9434957544523002E-004          64
 Wcc integration max_diff, Nk_adaptive   6.4979609636672819E-004          64
 Wcc integration max_diff, Nk_adaptive   6.0848238086030904E-004          64
 Wcc integration max_diff, Nk_adaptive   5.7059486305988116E-004          64
 Wcc integration max_diff, Nk_adaptive   5.3591076163250762E-004          64
 Wcc integration max_diff, Nk_adaptive   5.0390859375681885E-004          64
 Wcc integration max_diff, Nk_adaptive   4.7384939253447556E-004          64
 Wcc integration max_diff, Nk_adaptive   4.4483277556572887E-004          64
 Wcc integration max_diff, Nk_adaptive   4.1583289840829707E-004          64
 Wcc integration max_diff, Nk_adaptive   3.8571873567505577E-004          64
 Wcc integration max_diff, Nk_adaptive   3.5326218963760425E-004          64
 Wcc integration max_diff, Nk_adaptive   3.1713678882105967E-004          64
 Wcc integration max_diff, Nk_adaptive   2.7590953064660084E-004          64
 Wcc integration max_diff, Nk_adaptive   2.2802906082830532E-004          64
 Wcc integration max_diff, Nk_adaptive   1.7181533340782096E-004          64
 Wcc integration max_diff, Nk_adaptive   1.9867807566065210E-004          64
 Wcc integration max_diff, Nk_adaptive   2.6715304012370211E-004          64
 Wcc integration max_diff, Nk_adaptive   4.7448586933640513E-004          64
 Wcc integration max_diff, Nk_adaptive   7.7699397918351565E-004          64
 Wcc integration max_diff, Nk_adaptive   1.1243776205471789E-003          64
 Wcc integration max_diff, Nk_adaptive   1.5177312403658050E-003          64
 Wcc integration max_diff, Nk_adaptive   1.9527738845308562E-003          64
 Wcc integration max_diff, Nk_adaptive   2.4160732301368171E-003          64
 Wcc integration max_diff, Nk_adaptive   2.8808799282167286E-003          64
 Wcc integration max_diff, Nk_adaptive   3.3048437880385251E-003          64
 Wcc integration max_diff, Nk_adaptive   3.6334001051692155E-003          64
 Wcc integration max_diff, Nk_adaptive   3.8115648364041022E-003          64
 Wcc integration max_diff, Nk_adaptive   3.8009397221721031E-003          64
 Wcc integration max_diff, Nk_adaptive   3.5915484868311864E-003          64
 Wcc integration max_diff, Nk_adaptive   3.1994370645911374E-003          64
 Wcc integration max_diff, Nk_adaptive   2.6531644147418376E-003          64
 Wcc integration max_diff, Nk_adaptive   1.9834724690657168E-003          64
 Wcc integration max_diff, Nk_adaptive   1.2288012212344768E-003          64
 Wcc integration max_diff, Nk_adaptive   4.5141286506122924E-004          64
 Wcc integration max_diff, Nk_adaptive   1.1587706517168783E-004          64
 Wcc integration max_diff, Nk_adaptive   3.0410842803973992E-004          64
 Wcc integration max_diff, Nk_adaptive   5.3184292836583325E-004          64
 Wcc integration max_diff, Nk_adaptive   7.2126567026842281E-004          64
 Wcc integration max_diff, Nk_adaptive   8.8122634716469861E-004          64
 Wcc integration max_diff, Nk_adaptive   1.0191896428626279E-003          64
 Wcc integration max_diff, Nk_adaptive   1.1397579827487903E-003          64
 Wcc integration max_diff, Nk_adaptive   1.2452139527532324E-003          64
 Wcc integration max_diff, Nk_adaptive   1.3364331668181961E-003          64
 Wcc integration max_diff, Nk_adaptive   1.4136044012218463E-003          64
 Wcc integration max_diff, Nk_adaptive   1.4766840976641049E-003          64
 Wcc integration max_diff, Nk_adaptive   1.5256476510643324E-003          64
 Wcc integration max_diff, Nk_adaptive   1.5606104193768289E-003          64
 Wcc integration max_diff, Nk_adaptive   1.5818723227329912E-003          64
 Wcc integration max_diff, Nk_adaptive   1.5899203414058150E-003          64
 Wcc integration max_diff, Nk_adaptive   1.5854092209242054E-003          64
 Wcc integration max_diff, Nk_adaptive   1.5691319018653616E-003          64
 Wcc integration max_diff, Nk_adaptive   1.5419860886947134E-003          64
 Wcc integration max_diff, Nk_adaptive   1.5049405943479144E-003          64
 Wcc integration max_diff, Nk_adaptive   1.4590036768371561E-003          64
 Wcc integration max_diff, Nk_adaptive   1.4051948846720563E-003          64
 Wcc integration max_diff, Nk_adaptive   1.3445215524345855E-003          64
 Wcc integration max_diff, Nk_adaptive   1.2779607954964689E-003          64
 Wcc integration max_diff, Nk_adaptive   1.2064475101389860E-003          64
 Wcc integration max_diff, Nk_adaptive   1.1308684319679685E-003          64
 Wcc integration max_diff, Nk_adaptive   1.0520617409017774E-003          64
 Wcc integration max_diff, Nk_adaptive   9.7279642070802197E-004          64
 Wcc integration max_diff, Nk_adaptive   9.6996825280371013E-004          64
 Wcc integration max_diff, Nk_adaptive   9.6661384265850359E-004          64
 Wcc integration max_diff, Nk_adaptive   9.6322479357979773E-004          64
 Wcc integration max_diff, Nk_adaptive   9.6021637217447164E-004          64
 Wcc integration max_diff, Nk_adaptive   9.5788744172153883E-004          64
 Wcc integration max_diff, Nk_adaptive   9.5637862253639128E-004          64
 Wcc integration max_diff, Nk_adaptive   9.5563559437117362E-004          64
 Wcc integration max_diff, Nk_adaptive   9.5609389476614126E-004          64
 Wcc integration max_diff, Nk_adaptive   1.0649096001280611E-003          64
 Wcc integration max_diff, Nk_adaptive   1.1674847109883757E-003          64
 Wcc integration max_diff, Nk_adaptive   1.2622450009072139E-003          64
 Wcc integration max_diff, Nk_adaptive   1.3476542410710834E-003          64
 Wcc integration max_diff, Nk_adaptive   1.4223283380054852E-003          64
 Wcc integration max_diff, Nk_adaptive   1.4851443213217408E-003          64
 Wcc integration max_diff, Nk_adaptive   1.5353300028859707E-003          64
 Wcc integration max_diff, Nk_adaptive   1.5725225343707905E-003          64
 Wcc integration max_diff, Nk_adaptive   1.5967883854717257E-003          64
 Wcc integration max_diff, Nk_adaptive   1.6086026832233813E-003          64
 Wcc integration max_diff, Nk_adaptive   1.6087913898523709E-003          64
 Wcc integration max_diff, Nk_adaptive   1.5984444609031812E-003          64
 Wcc integration max_diff, Nk_adaptive   1.5788112092600670E-003          64
 Wcc integration max_diff, Nk_adaptive   1.5511903418889972E-003          64
 Wcc integration max_diff, Nk_adaptive   1.5168266824137078E-003          64
 Wcc integration max_diff, Nk_adaptive   1.4874572591914159E-003          64
 Wcc integration max_diff, Nk_adaptive   1.4883272438233064E-003          64
 Wcc integration max_diff, Nk_adaptive   1.4816255821834545E-003          64
 Wcc integration max_diff, Nk_adaptive   1.4667157112526752E-003          64
 Wcc integration max_diff, Nk_adaptive   1.4429106173778905E-003          64
 Wcc integration max_diff, Nk_adaptive   1.4095686523791784E-003          64
 Wcc integration max_diff, Nk_adaptive   1.3661784688512313E-003          64
 Wcc integration max_diff, Nk_adaptive   1.3124213939530449E-003          64
 Wcc integration max_diff, Nk_adaptive   1.2482040989674204E-003          64
 Wcc integration max_diff, Nk_adaptive   1.1736607502417229E-003          64
 Wcc integration max_diff, Nk_adaptive   1.0891304717013384E-003          64
 Wcc integration max_diff, Nk_adaptive   9.9512104866406048E-004          64
 Wcc integration max_diff, Nk_adaptive   8.9227177296713478E-004          64
 Wcc integration max_diff, Nk_adaptive   7.8132650082451960E-004          64
 Wcc integration max_diff, Nk_adaptive   6.6312289197156815E-004          64
 Wcc integration max_diff, Nk_adaptive   5.3859700865288573E-004          64
 Wcc integration max_diff, Nk_adaptive   4.0879614360278538E-004          64
 Wcc integration max_diff, Nk_adaptive   2.7488902050443187E-004          64
 Wcc integration max_diff, Nk_adaptive   1.3816272955224917E-004          64
 Wcc integration max_diff, Nk_adaptive   3.5527136788005009E-015          64
 Wcc integration max_diff, Nk_adaptive   6.7807925221430310E-005          64
 Wcc integration max_diff, Nk_adaptive   1.3476433633385909E-004          64
 Wcc integration max_diff, Nk_adaptive   2.0003386021016922E-004          64
 Wcc integration max_diff, Nk_adaptive   2.6280865412964260E-004          64
 Wcc integration max_diff, Nk_adaptive   3.2231236809465713E-004          64
 Wcc integration max_diff, Nk_adaptive   3.7779735794707392E-004          64
 Wcc integration max_diff, Nk_adaptive   4.2853918558805049E-004          64
 Wcc integration max_diff, Nk_adaptive   4.7383454626093169E-004          64
 Wcc integration max_diff, Nk_adaptive   5.1300879772497865E-004          64
 Wcc integration max_diff, Nk_adaptive   5.4543710302468185E-004          64
 Wcc integration max_diff, Nk_adaptive   5.7057940511917593E-004          64
 Wcc integration max_diff, Nk_adaptive   5.8802510952560283E-004          64
 Wcc integration max_diff, Nk_adaptive   5.9753973775578118E-004          64
 Wcc integration max_diff, Nk_adaptive   5.9910400367435557E-004          64
 Wcc integration max_diff, Nk_adaptive   5.9293627963974416E-004          64
 Wcc integration max_diff, Nk_adaptive   5.7949206167506873E-004          64
 Wcc integration max_diff, Nk_adaptive   5.5943801230107226E-004          64
 Wcc integration max_diff, Nk_adaptive   5.3360240274180626E-004          64
 Wcc integration max_diff, Nk_adaptive   5.0290739215519409E-004          64
 Wcc integration max_diff, Nk_adaptive   5.0560891464712654E-004          64
 Wcc integration max_diff, Nk_adaptive   5.1706346790503233E-004          64
 Wcc integration max_diff, Nk_adaptive   5.2627042377295652E-004          64
 Wcc integration max_diff, Nk_adaptive   5.3281484105838217E-004          64
 Wcc integration max_diff, Nk_adaptive   5.3626381744997786E-004          64
 Wcc integration max_diff, Nk_adaptive   5.3620091530426350E-004          64
 Wcc integration max_diff, Nk_adaptive   5.3226281609397574E-004          64
 Wcc integration max_diff, Nk_adaptive   5.2417419903427742E-004          64
 Wcc integration max_diff, Nk_adaptive   5.1177668840196588E-004          64
 Wcc integration max_diff, Nk_adaptive   4.9504812756850924E-004          64
 Wcc integration max_diff, Nk_adaptive   4.7410946592485459E-004          64
 Wcc integration max_diff, Nk_adaptive   4.4921809947062741E-004          64
 Wcc integration max_diff, Nk_adaptive   4.2074835164207514E-004          64
 Wcc integration max_diff, Nk_adaptive   3.8916158693247382E-004          64
 Wcc integration max_diff, Nk_adaptive   3.5496988164318566E-004          64
 Wcc integration max_diff, Nk_adaptive   3.1869797798478317E-004          64
 Wcc integration max_diff, Nk_adaptive   3.9393904439144478E-004          64
 Wcc integration max_diff, Nk_adaptive   4.7263259966356941E-004          64
 Wcc integration max_diff, Nk_adaptive   5.5357516793286266E-004          64
 Wcc integration max_diff, Nk_adaptive   6.3620386708684862E-004          64
 Wcc integration max_diff, Nk_adaptive   7.1990540684829796E-004          64
 Wcc integration max_diff, Nk_adaptive   8.0403034662346329E-004          64
 Wcc integration max_diff, Nk_adaptive   8.8790222807944019E-004          64
 Wcc integration max_diff, Nk_adaptive   9.7082107712331833E-004          64
 Wcc integration max_diff, Nk_adaptive   1.1295599707992210E-003          64
 Wcc integration max_diff, Nk_adaptive   1.2870220001541810E-003          64
 Wcc integration max_diff, Nk_adaptive   1.4402055555429172E-003          64
 Wcc integration max_diff, Nk_adaptive   1.5879964098175492E-003          64
 Wcc integration max_diff, Nk_adaptive   1.7291845404514561E-003          64
 Wcc integration max_diff, Nk_adaptive   1.8624674167533328E-003          64
 Wcc integration max_diff, Nk_adaptive   1.9864638766868836E-003          64
 Wcc integration max_diff, Nk_adaptive   2.0997374899511811E-003          64
 Wcc integration max_diff, Nk_adaptive   2.2008279661545060E-003          64
 Wcc integration max_diff, Nk_adaptive   2.2882889723359057E-003          64
 Wcc integration max_diff, Nk_adaptive   2.3607305374309107E-003          64
 Wcc integration max_diff, Nk_adaptive   2.4168638212902493E-003          64
 Wcc integration max_diff, Nk_adaptive   2.4555450349925678E-003          64
 Wcc integration max_diff, Nk_adaptive   2.4758130589450644E-003          64
 Wcc integration max_diff, Nk_adaptive   2.4769106998920876E-003          64
 Wcc integration max_diff, Nk_adaptive   2.4582707179803265E-003          64
 Wcc integration max_diff, Nk_adaptive   2.4194318691552752E-003          64
 Wcc integration max_diff, Nk_adaptive   2.3598231479677878E-003          64
 Wcc integration max_diff, Nk_adaptive   2.2783115402749132E-003          64
 Wcc integration max_diff, Nk_adaptive   2.1723488275213754E-003          64
 Wcc integration max_diff, Nk_adaptive   2.0364944600910206E-003          64
 Wcc integration max_diff, Nk_adaptive   1.8601214406199773E-003          64
 Wcc integration max_diff, Nk_adaptive   1.6245185438297227E-003          64
 Wcc integration max_diff, Nk_adaptive   1.3010763616136956E-003          64
 Wcc integration max_diff, Nk_adaptive   8.5551727363508689E-004          64
 Wcc integration max_diff, Nk_adaptive   3.4763096194723175E-004          64
 Wcc integration max_diff, Nk_adaptive   2.6967524593679570E-004          64
 Wcc integration max_diff, Nk_adaptive   5.7991349500419176E-004          64
 Wcc integration max_diff, Nk_adaptive   8.6513518136221990E-004          64
 Wcc integration max_diff, Nk_adaptive   1.1014316473971775E-003          64
 Wcc integration max_diff, Nk_adaptive   1.2752322130911153E-003          64
 Wcc integration max_diff, Nk_adaptive   1.3794948832117626E-003          64
 Wcc integration max_diff, Nk_adaptive   1.4124243965394356E-003          64
 Wcc integration max_diff, Nk_adaptive   1.3792371227960842E-003          64
 Wcc integration max_diff, Nk_adaptive   1.2929453516381528E-003          64
 Wcc integration max_diff, Nk_adaptive   1.1716426847954153E-003          64
 Wcc integration max_diff, Nk_adaptive   1.0335878802205656E-003          64
 Wcc integration max_diff, Nk_adaptive   8.9318834961282789E-004          64
 Wcc integration max_diff, Nk_adaptive   7.5956796298193296E-004          64
 Wcc integration max_diff, Nk_adaptive   6.3723504240975615E-004          64
 Wcc integration max_diff, Nk_adaptive   5.2756150792809819E-004          64
 Wcc integration max_diff, Nk_adaptive   4.3016024556230548E-004          64
 Wcc integration max_diff, Nk_adaptive   3.4383915615165961E-004          64
 Wcc integration max_diff, Nk_adaptive   3.2126239367080700E-004          64
 Wcc integration max_diff, Nk_adaptive   4.0959806426954515E-004          64
 Wcc integration max_diff, Nk_adaptive   5.1544592714591886E-004          64
 Wcc integration max_diff, Nk_adaptive   6.8408711599587946E-004          64
 Wcc integration max_diff, Nk_adaptive   8.2772853192736306E-004          64
 Wcc integration max_diff, Nk_adaptive   9.5141031312095947E-004          64
 Wcc integration max_diff, Nk_adaptive   1.0597865396650974E-003          64
 Wcc integration max_diff, Nk_adaptive   1.1571561795005181E-003          64
 Wcc integration max_diff, Nk_adaptive   1.2474986686505929E-003          64
 Wcc integration max_diff, Nk_adaptive   1.3344983014000888E-003          64
 Wcc integration max_diff, Nk_adaptive   1.4215481539778807E-003          64
 Wcc integration max_diff, Nk_adaptive   1.5117257597676570E-003          64
 Wcc integration max_diff, Nk_adaptive   1.6077322660468241E-003          64
 Wcc integration max_diff, Nk_adaptive   1.7117845735903359E-003          64
 Wcc integration max_diff, Nk_adaptive   1.8254471308853937E-003          64
 Wcc integration max_diff, Nk_adaptive   1.9493882819627828E-003          64
 Wcc integration max_diff, Nk_adaptive   2.0830487210030668E-003          64
 Wcc integration max_diff, Nk_adaptive   2.2242229257347645E-003          64
 Wcc integration max_diff, Nk_adaptive   2.3685881143329368E-003          64
 Wcc integration max_diff, Nk_adaptive   2.5092799866861526E-003          64
 Wcc integration max_diff, Nk_adaptive   2.6367117367609438E-003          64
 Wcc integration max_diff, Nk_adaptive   2.7389326627051958E-003          64
 Wcc integration max_diff, Nk_adaptive   2.8028383230314091E-003          64
 Wcc integration max_diff, Nk_adaptive   2.8163434583916569E-003          64
 Wcc integration max_diff, Nk_adaptive   2.7711455893442150E-003          64
 Wcc integration max_diff, Nk_adaptive   2.6651306999969648E-003          64
 Wcc integration max_diff, Nk_adaptive   2.5032801395834525E-003          64
 Wcc integration max_diff, Nk_adaptive   2.2965070168297075E-003          64
 Wcc integration max_diff, Nk_adaptive   2.0589233295282838E-003          64
 Wcc integration max_diff, Nk_adaptive   1.8048117216498127E-003          64
 Wcc integration max_diff, Nk_adaptive   1.5464974985395230E-003          64
 Wcc integration max_diff, Nk_adaptive   1.2936024239493804E-003          64
 Wcc integration max_diff, Nk_adaptive   1.0534168025184698E-003          64
 Wcc integration max_diff, Nk_adaptive   8.4135205884372510E-004          64
 Wcc integration max_diff, Nk_adaptive   6.5100772620318992E-004          64
 Wcc integration max_diff, Nk_adaptive   4.8426296823222970E-004          64
 Wcc integration max_diff, Nk_adaptive   3.4465961812024659E-004          64
 Wcc integration max_diff, Nk_adaptive   2.3356499226245830E-004          64
 Wcc integration max_diff, Nk_adaptive   1.4989091858552683E-004          64
 Wcc integration max_diff, Nk_adaptive   9.0411869914319709E-005          64
 Wcc integration max_diff, Nk_adaptive   5.0457520625712959E-005          64
 Wcc integration max_diff, Nk_adaptive   2.4624101122583397E-005          64
 Wcc integration max_diff, Nk_adaptive   7.2680997913465717E-006          64
 Wcc iter:           1
    1   0.00000   0.50000   0.00000 T T   0.09004
    2   0.00000   0.50386   0.00000 T T   0.09004
    3   0.00000   0.50772   0.00000 T T   0.09004
    4   0.00000   0.51158   0.00000 T T   0.09003
    5   0.00000   0.51544   0.00000 T T   0.09001
    6   0.00000   0.51931   0.00000 T T   0.08999
    7   0.00000   0.52317   0.00000 T T   0.08995
    8   0.00000   0.52703   0.00000 T T   0.08988
    9   0.00000   0.53089   0.00000 T T   0.08979
   10   0.00000   0.53475   0.00000 T T   0.08966
   11   0.00000   0.53861   0.00000 T T   0.08950
   12   0.00000   0.54247   0.00000 T T   0.08929
   13   0.00000   0.54633   0.00000 T T   0.08903
   14   0.00000   0.55019   0.00000 T T   0.08872
   15   0.00000   0.55405   0.00000 T T   0.08836
   16   0.00000   0.55792   0.00000 T T   0.08794
   17   0.00000   0.56178   0.00000 T T   0.08749
   18   0.00000   0.56564   0.00000 T T   0.08698
   19   0.00000   0.56950   0.00000 T T   0.08645
   20   0.00000   0.57336   0.00000 T T   0.08590
   21   0.00000   0.57722   0.00000 T T   0.08533
   22   0.00000   0.58108   0.00000 T T   0.08477
   23   0.00000   0.58494   0.00000 T T   0.08423
   24   0.00000   0.58880   0.00000 T T   0.08370
   25   0.00000   0.59266   0.00000 T T   0.08320
   26   0.00000   0.59653   0.00000 T T   0.08272
   27   0.00000   0.60039   0.00000 T T   0.08228
   28   0.00000   0.60425   0.00000 T T   0.08186
   29   0.00000   0.60811   0.00000 T T   0.08147
   30   0.00000   0.61197   0.00000 T T   0.08111
   31   0.00000   0.61583   0.00000 T T   0.08076
   32   0.00000   0.61969   0.00000 T T   0.08044
   33   0.00000   0.62355   0.00000 T T   0.08014
   34   0.00000   0.62741   0.00000 T T   0.07986
   35   0.00000   0.63127   0.00000 T T   0.07959
   36   0.00000   0.63514   0.00000 T T   0.07934
   37   0.00000   0.63900   0.00000 T T   0.07911
   38   0.00000   0.64286   0.00000 T T   0.07890
   39   0.00000   0.64672   0.00000 T T   0.07871
   40   0.00000   0.65058   0.00000 T T   0.07854
   41   0.00000   0.65444   0.00000 T T   0.07840
   42   0.00000   0.65830   0.00000 T T   0.07830
   43   0.00000   0.66216   0.00000 T T   0.07824
   44   0.00000   0.66602   0.00000 T T   0.07822
   45   0.00000   0.66988   0.00000 T T   0.07826
   46   0.00000   0.67375   0.00000 T T   0.07836
   47   0.00000   0.67761   0.00000 T T   0.07854
   48   0.00000   0.68147   0.00000 T T   0.07881
   49   0.00000   0.68533   0.00000 T T   0.07917
   50   0.00000   0.68919   0.00000 T T   0.07962
   51   0.00000   0.69305   0.00000 T T   0.08018
   52   0.00000   0.69691   0.00000 T T   0.08082
   53   0.00000   0.70077   0.00000 T T   0.08152
   54   0.00000   0.70463   0.00000 T T   0.08225
   55   0.00000   0.70849   0.00000 T T   0.08296
   56   0.00000   0.71236   0.00000 T T   0.08363
   57   0.00000   0.71622   0.00000 T T   0.08421
   58   0.00000   0.72008   0.00000 T T   0.08467
   59   0.00000   0.72394   0.00000 T T   0.08501
   60   0.00000   0.72780   0.00000 T T   0.08520
   61   0.00000   0.73166   0.00000 T T   0.08526
   62   0.00000   0.73552   0.00000 T T   0.08519
   63   0.00000   0.73938   0.00000 T T   0.08502
   64   0.00000   0.74324   0.00000 T T   0.08479
   65   0.00000   0.74710   0.00000 T T   0.08452
   66   0.00000   0.75097   0.00000 T T   0.08423
   67   0.00000   0.75483   0.00000 T T   0.08392
   68   0.00000   0.75869   0.00000 T T   0.08361
   69   0.00000   0.76255   0.00000 T T   0.08330
   70   0.00000   0.76641   0.00000 T T   0.08299
   71   0.00000   0.77027   0.00000 T T   0.08269
   72   0.00000   0.77413   0.00000 T T   0.08240
   73   0.00000   0.77799   0.00000 T T   0.08211
   74   0.00000   0.78185   0.00000 T T   0.08184
   75   0.00000   0.78571   0.00000 T T   0.08158
   76   0.00000   0.78958   0.00000 T T   0.08133
   77   0.00000   0.79344   0.00000 T T   0.08109
   78   0.00000   0.79730   0.00000 T T   0.08088
   79   0.00000   0.80116   0.00000 T T   0.08068
   80   0.00000   0.80502   0.00000 T T   0.08050
   81   0.00000   0.80888   0.00000 T T   0.08034
   82   0.00000   0.81274   0.00000 T T   0.08021
   83   0.00000   0.81660   0.00000 T T   0.08009
   84   0.00000   0.82046   0.00000 T T   0.08000
   85   0.00000   0.82432   0.00000 T T   0.07993
   86   0.00000   0.82819   0.00000 T T   0.07988
   87   0.00000   0.83205   0.00000 T T   0.07986
   88   0.00000   0.83591   0.00000 T T   0.07986
   89   0.00000   0.83977   0.00000 T T   0.07988
   90   0.00000   0.84363   0.00000 T T   0.07993
   91   0.00000   0.84749   0.00000 T T   0.08001
   92   0.00000   0.85135   0.00000 T T   0.08010
   93   0.00000   0.85521   0.00000 T T   0.08022
   94   0.00000   0.85907   0.00000 T T   0.08037
   95   0.00000   0.86293   0.00000 T T   0.08054
   96   0.00000   0.86680   0.00000 T T   0.08073
   97   0.00000   0.87066   0.00000 T T   0.08094
   98   0.00000   0.87452   0.00000 T T   0.08118
   99   0.00000   0.87838   0.00000 T T   0.08143
  100   0.00000   0.88224   0.00000 T T   0.08170
  101   0.00000   0.88610   0.00000 T T   0.08198
  102   0.00000   0.88996   0.00000 T T   0.08228
  103   0.00000   0.89382   0.00000 T T   0.08259
  104   0.00000   0.89768   0.00000 T T   0.08290
  105   0.00000   0.90154   0.00000 T T   0.08322
  106   0.00000   0.90541   0.00000 T T   0.08354
  107   0.00000   0.90927   0.00000 T T   0.08386
  108   0.00000   0.91313   0.00000 T T   0.08418
  109   0.00000   0.91699   0.00000 T T   0.08450
  110   0.00000   0.92085   0.00000 T T   0.08481
  111   0.00000   0.92471   0.00000 T T   0.08511
  112   0.00000   0.92857   0.00000 T T   0.08541
  113   0.00000   0.93243   0.00000 T T   0.08569
  114   0.00000   0.93629   0.00000 T T   0.08597
  115   0.00000   0.94015   0.00000 T T   0.08624
  116   0.00000   0.94402   0.00000 T T   0.08649
  117   0.00000   0.94788   0.00000 T T   0.08674
  118   0.00000   0.95174   0.00000 T T   0.08697
  119   0.00000   0.95560   0.00000 T T   0.08718
  120   0.00000   0.95946   0.00000 T T   0.08739
  121   0.00000   0.96332   0.00000 T T   0.08757
  122   0.00000   0.96718   0.00000 T T   0.08775
  123   0.00000   0.97104   0.00000 T T   0.08790
  124   0.00000   0.97490   0.00000 T T   0.08804
  125   0.00000   0.97876   0.00000 T T   0.08816
  126   0.00000   0.98263   0.00000 T T   0.08827
  127   0.00000   0.98649   0.00000 T T   0.08835
  128   0.00000   0.99035   0.00000 T T   0.08841
  129   0.00000   0.99421   0.00000 T T   0.08845
  130   0.00000   0.99807   0.00000 T T   0.08847
  131   0.00000   1.00193   0.00000 T T   0.08847
  132   0.00000   1.00579   0.00000 T T   0.08845
  133   0.00000   1.00965   0.00000 T T   0.08841
  134   0.00000   1.01351   0.00000 T T   0.08835
  135   0.00000   1.01737   0.00000 T T   0.08827
  136   0.00000   1.02124   0.00000 T T   0.08816
  137   0.00000   1.02510   0.00000 T T   0.08804
  138   0.00000   1.02896   0.00000 T T   0.08790
  139   0.00000   1.03282   0.00000 T T   0.08775
  140   0.00000   1.03668   0.00000 T T   0.08757
  141   0.00000   1.04054   0.00000 T T   0.08739
  142   0.00000   1.04440   0.00000 T T   0.08718
  143   0.00000   1.04826   0.00000 T T   0.08697
  144   0.00000   1.05212   0.00000 T T   0.08674
  145   0.00000   1.05598   0.00000 T T   0.08649
  146   0.00000   1.05985   0.00000 T T   0.08624
  147   0.00000   1.06371   0.00000 T T   0.08597
  148   0.00000   1.06757   0.00000 T T   0.08569
  149   0.00000   1.07143   0.00000 T T   0.08541
  150   0.00000   1.07529   0.00000 T T   0.08511
  151   0.00000   1.07915   0.00000 T T   0.08481
  152   0.00000   1.08301   0.00000 T T   0.08450
  153   0.00000   1.08687   0.00000 T T   0.08418
  154   0.00000   1.09073   0.00000 T T   0.08386
  155   0.00000   1.09459   0.00000 T T   0.08354
  156   0.00000   1.09846   0.00000 T T   0.08322
  157   0.00000   1.10232   0.00000 T T   0.08290
  158   0.00000   1.10618   0.00000 T T   0.08259
  159   0.00000   1.11004   0.00000 T T   0.08228
  160   0.00000   1.11390   0.00000 T T   0.08198
  161   0.00000   1.11776   0.00000 T T   0.08170
  162   0.00000   1.12162   0.00000 T T   0.08143
  163   0.00000   1.12548   0.00000 T T   0.08118
  164   0.00000   1.12934   0.00000 T T   0.08094
  165   0.00000   1.13320   0.00000 T T   0.08073
  166   0.00000   1.13707   0.00000 T T   0.08054
  167   0.00000   1.14093   0.00000 T T   0.08037
  168   0.00000   1.14479   0.00000 T T   0.08022
  169   0.00000   1.14865   0.00000 T T   0.08010
  170   0.00000   1.15251   0.00000 T T   0.08001
  171   0.00000   1.15637   0.00000 T T   0.07993
  172   0.00000   1.16023   0.00000 T T   0.07988
  173   0.00000   1.16409   0.00000 T T   0.07986
  174   0.00000   1.16795   0.00000 T T   0.07986
  175   0.00000   1.17181   0.00000 T T   0.07988
  176   0.00000   1.17568   0.00000 T T   0.07993
  177   0.00000   1.17954   0.00000 T T   0.08000
  178   0.00000   1.18340   0.00000 T T   0.08009
  179   0.00000   1.18726   0.00000 T T   0.08021
  180   0.00000   1.19112   0.00000 T T   0.08034
  181   0.00000   1.19498   0.00000 T T   0.08050
  182   0.00000   1.19884   0.00000 T T   0.08068
  183   0.00000   1.20270   0.00000 T T   0.08088
  184   0.00000   1.20656   0.00000 T T   0.08109
  185   0.00000   1.21042   0.00000 T T   0.08133
  186   0.00000   1.21429   0.00000 T T   0.08158
  187   0.00000   1.21815   0.00000 T T   0.08184
  188   0.00000   1.22201   0.00000 T T   0.08211
  189   0.00000   1.22587   0.00000 T T   0.08240
  190   0.00000   1.22973   0.00000 T T   0.08269
  191   0.00000   1.23359   0.00000 T T   0.08299
  192   0.00000   1.23745   0.00000 T T   0.08330
  193   0.00000   1.24131   0.00000 T T   0.08361
  194   0.00000   1.24517   0.00000 T T   0.08392
  195   0.00000   1.24903   0.00000 T T   0.08423
  196   0.00000   1.25290   0.00000 T T   0.08452
  197   0.00000   1.25676   0.00000 T T   0.08479
  198   0.00000   1.26062   0.00000 T T   0.08502
  199   0.00000   1.26448   0.00000 T T   0.08519
  200   0.00000   1.26834   0.00000 T T   0.08526
  201   0.00000   1.27220   0.00000 T T   0.08520
  202   0.00000   1.27606   0.00000 T T   0.08501
  203   0.00000   1.27992   0.00000 T T   0.08467
  204   0.00000   1.28378   0.00000 T T   0.08421
  205   0.00000   1.28764   0.00000 T T   0.08363
  206   0.00000   1.29151   0.00000 T T   0.08296
  207   0.00000   1.29537   0.00000 T T   0.08225
  208   0.00000   1.29923   0.00000 T T   0.08152
  209   0.00000   1.30309   0.00000 T T   0.08082
  210   0.00000   1.30695   0.00000 T T   0.08018
  211   0.00000   1.31081   0.00000 T T   0.07962
  212   0.00000   1.31467   0.00000 T T   0.07917
  213   0.00000   1.31853   0.00000 T T   0.07881
  214   0.00000   1.32239   0.00000 T T   0.07854
  215   0.00000   1.32625   0.00000 T T   0.07836
  216   0.00000   1.33012   0.00000 T T   0.07826
  217   0.00000   1.33398   0.00000 T T   0.07822
  218   0.00000   1.33784   0.00000 T T   0.07824
  219   0.00000   1.34170   0.00000 T T   0.07830
  220   0.00000   1.34556   0.00000 T T   0.07840
  221   0.00000   1.34942   0.00000 T T   0.07854
  222   0.00000   1.35328   0.00000 T T   0.07871
  223   0.00000   1.35714   0.00000 T T   0.07890
  224   0.00000   1.36100   0.00000 T T   0.07911
  225   0.00000   1.36486   0.00000 T T   0.07934
  226   0.00000   1.36873   0.00000 T T   0.07959
  227   0.00000   1.37259   0.00000 T T   0.07986
  228   0.00000   1.37645   0.00000 T T   0.08014
  229   0.00000   1.38031   0.00000 T T   0.08044
  230   0.00000   1.38417   0.00000 T T   0.08076
  231   0.00000   1.38803   0.00000 T T   0.08111
  232   0.00000   1.39189   0.00000 T T   0.08147
  233   0.00000   1.39575   0.00000 T T   0.08186
  234   0.00000   1.39961   0.00000 T T   0.08228
  235   0.00000   1.40347   0.00000 T T   0.08272
  236   0.00000   1.40734   0.00000 T T   0.08320
  237   0.00000   1.41120   0.00000 T T   0.08370
  238   0.00000   1.41506   0.00000 T T   0.08423
  239   0.00000   1.41892   0.00000 T T   0.08477
  240   0.00000   1.42278   0.00000 T T   0.08533
  241   0.00000   1.42664   0.00000 T T   0.08590
  242   0.00000   1.43050   0.00000 T T   0.08645
  243   0.00000   1.43436   0.00000 T T   0.08698
  244   0.00000   1.43822   0.00000 T T   0.08749
  245   0.00000   1.44208   0.00000 T T   0.08794
  246   0.00000   1.44595   0.00000 T T   0.08836
  247   0.00000   1.44981   0.00000 T T   0.08872
  248   0.00000   1.45367   0.00000 T T   0.08903
  249   0.00000   1.45753   0.00000 T T   0.08929
  250   0.00000   1.46139   0.00000 T T   0.08950
  251   0.00000   1.46525   0.00000 T T   0.08966
  252   0.00000   1.46911   0.00000 T T   0.08979
  253   0.00000   1.47297   0.00000 T T   0.08988
  254   0.00000   1.47683   0.00000 T T   0.08995
  255   0.00000   1.48069   0.00000 T T   0.08999
  256   0.00000   1.48456   0.00000 T T   0.09001
  257   0.00000   1.48842   0.00000 T T   0.09003
  258   0.00000   1.49228   0.00000 T T   0.09004
  259   0.00000   1.49614   0.00000 T T   0.09004
  260   0.00000   1.50000   0.00000 T T   0.09004
 Z2 for the plane you choose:            0
 Time cost for WannierCenter is about            3.864 s
 << End of calculating the Wilson loop
  
 Time cost for whole program is about            4.101 s
  
  
  =======================================================================
  Congratulations! you finished the calculation.
  I hope you could find something useful from this calculation.
  If so, I would like to ask you to cite our this paper:
  
  WannierTools : An open-source software package for novel topological materials
  QuanSheng Wu and ShengNan Zhang and Hai-Feng Song and Matthias Troyer and Alexey A. Soluyanov
  Computer Physics Communications 224, 405 (2018)
  https://doi.org/10.1016/j.cpc.2017.09.033
  
  For bugs, please report to wuquansheng@gmail.com                   
  or wanniertools@groups.google.com.                 
  More information could find on www.wanniertools.com            
  See you next time :)
  =======================================================================
